[1.015s] Invoking command in '/home/cecilnik/lonewolf/src/atv_controller_pkg': PYTHONPATH=/home/cecilnik/lonewolf/install/atv_controller_pkg/lib/python3.8/site-packages:${PYTHONPATH} /usr/bin/python3 setup.py egg_info --egg-base ../../build/atv_controller_pkg build --build-base /home/cecilnik/lonewolf/build/atv_controller_pkg/build install --prefix /home/cecilnik/lonewolf/install/atv_controller_pkg --record /home/cecilnik/lonewolf/build/atv_controller_pkg/install.log --single-version-externally-managed
[1.251s] running egg_info
[1.252s] writing ../../build/atv_controller_pkg/atv_controller_pkg.egg-info/PKG-INFO
[1.252s] writing dependency_links to ../../build/atv_controller_pkg/atv_controller_pkg.egg-info/dependency_links.txt
[1.252s] writing entry points to ../../build/atv_controller_pkg/atv_controller_pkg.egg-info/entry_points.txt
[1.253s] writing requirements to ../../build/atv_controller_pkg/atv_controller_pkg.egg-info/requires.txt
[1.253s] writing top-level names to ../../build/atv_controller_pkg/atv_controller_pkg.egg-info/top_level.txt
[1.289s] reading manifest file '../../build/atv_controller_pkg/atv_controller_pkg.egg-info/SOURCES.txt'
[1.290s] writing manifest file '../../build/atv_controller_pkg/atv_controller_pkg.egg-info/SOURCES.txt'
[1.290s] running build
[1.291s] running build_py
[1.291s] running install
[1.292s] running install_lib
[1.293s] running install_data
[1.293s] running install_egg_info
[1.295s] removing '/home/cecilnik/lonewolf/install/atv_controller_pkg/lib/python3.8/site-packages/atv_controller_pkg-0.0.0-py3.8.egg-info' (and everything under it)
[1.295s] Copying ../../build/atv_controller_pkg/atv_controller_pkg.egg-info to /home/cecilnik/lonewolf/install/atv_controller_pkg/lib/python3.8/site-packages/atv_controller_pkg-0.0.0-py3.8.egg-info
[1.296s] running install_scripts
[1.316s] Installing atv_controller script to /home/cecilnik/lonewolf/install/atv_controller_pkg/lib/atv_controller_pkg
[1.316s] Installing atv_estimator script to /home/cecilnik/lonewolf/install/atv_controller_pkg/lib/atv_controller_pkg
[1.317s] writing list of installed files to '/home/cecilnik/lonewolf/build/atv_controller_pkg/install.log'
[1.370s] Invoked command in '/home/cecilnik/lonewolf/src/atv_controller_pkg' returned '0': PYTHONPATH=/home/cecilnik/lonewolf/install/atv_controller_pkg/lib/python3.8/site-packages:${PYTHONPATH} /usr/bin/python3 setup.py egg_info --egg-base ../../build/atv_controller_pkg build --build-base /home/cecilnik/lonewolf/build/atv_controller_pkg/build install --prefix /home/cecilnik/lonewolf/install/atv_controller_pkg --record /home/cecilnik/lonewolf/build/atv_controller_pkg/install.log --single-version-externally-managed
