[1.061s] Invoking command in '/home/cecilnik/lonewolf/src/atv_pkg': PYTHONPATH=/home/cecilnik/lonewolf/install/atv_pkg/lib/python3.8/site-packages:${PYTHONPATH} /usr/bin/python3 setup.py egg_info --egg-base ../../build/atv_pkg build --build-base /home/cecilnik/lonewolf/build/atv_pkg/build install --prefix /home/cecilnik/lonewolf/install/atv_pkg --record /home/cecilnik/lonewolf/build/atv_pkg/install.log --single-version-externally-managed
[1.350s] running egg_info
[1.351s] writing ../../build/atv_pkg/atv_pkg.egg-info/PKG-INFO
[1.351s] writing dependency_links to ../../build/atv_pkg/atv_pkg.egg-info/dependency_links.txt
[1.352s] writing entry points to ../../build/atv_pkg/atv_pkg.egg-info/entry_points.txt
[1.352s] writing requirements to ../../build/atv_pkg/atv_pkg.egg-info/requires.txt
[1.352s] writing top-level names to ../../build/atv_pkg/atv_pkg.egg-info/top_level.txt
[1.405s] reading manifest file '../../build/atv_pkg/atv_pkg.egg-info/SOURCES.txt'
[1.406s] writing manifest file '../../build/atv_pkg/atv_pkg.egg-info/SOURCES.txt'
[1.406s] running build
[1.406s] running build_py
[1.407s] running install
[1.408s] running install_lib
[1.409s] creating /home/cecilnik/lonewolf/install/atv_pkg/lib/python3.8/site-packages/atv_pkg
[1.409s] copying /home/cecilnik/lonewolf/build/atv_pkg/build/lib/atv_pkg/atv_node.py -> /home/cecilnik/lonewolf/install/atv_pkg/lib/python3.8/site-packages/atv_pkg
[1.409s] copying /home/cecilnik/lonewolf/build/atv_pkg/build/lib/atv_pkg/__init__.py -> /home/cecilnik/lonewolf/install/atv_pkg/lib/python3.8/site-packages/atv_pkg
[1.410s] byte-compiling /home/cecilnik/lonewolf/install/atv_pkg/lib/python3.8/site-packages/atv_pkg/atv_node.py to atv_node.cpython-38.pyc
[1.413s] byte-compiling /home/cecilnik/lonewolf/install/atv_pkg/lib/python3.8/site-packages/atv_pkg/__init__.py to __init__.cpython-38.pyc
[1.413s] running install_data
[1.414s] creating /home/cecilnik/lonewolf/install/atv_pkg/share/ament_index
[1.414s] creating /home/cecilnik/lonewolf/install/atv_pkg/share/ament_index/resource_index
[1.414s] creating /home/cecilnik/lonewolf/install/atv_pkg/share/ament_index/resource_index/packages
[1.414s] copying resource/atv_pkg -> /home/cecilnik/lonewolf/install/atv_pkg/share/ament_index/resource_index/packages
[1.414s] copying package.xml -> /home/cecilnik/lonewolf/install/atv_pkg/share/atv_pkg
[1.415s] creating /home/cecilnik/lonewolf/install/atv_pkg/share/atv_pkg/launch
[1.415s] copying launch/atv_world.launch.py -> /home/cecilnik/lonewolf/install/atv_pkg/share/atv_pkg/launch
[1.415s] copying launch/atv_rviz.launch.py -> /home/cecilnik/lonewolf/install/atv_pkg/share/atv_pkg/launch
[1.415s] creating /home/cecilnik/lonewolf/install/atv_pkg/share/atv_pkg/worlds
[1.415s] copying ./worlds/forest.world -> /home/cecilnik/lonewolf/install/atv_pkg/share/atv_pkg/worlds/
[1.417s] creating /home/cecilnik/lonewolf/install/atv_pkg/share/atv_pkg/models
[1.417s] creating /home/cecilnik/lonewolf/install/atv_pkg/share/atv_pkg/models/forest_world
[1.417s] copying ./models/forest_world/model.config -> /home/cecilnik/lonewolf/install/atv_pkg/share/atv_pkg/models/forest_world/
[1.417s] copying ./models/forest_world/model.sdf -> /home/cecilnik/lonewolf/install/atv_pkg/share/atv_pkg/models/forest_world/
[1.419s] creating /home/cecilnik/lonewolf/install/atv_pkg/share/atv_pkg/models/atvkda
[1.419s] copying ./models/atvkda/model.config -> /home/cecilnik/lonewolf/install/atv_pkg/share/atv_pkg/models/atvkda/
[1.420s] copying ./models/atvkda/model.sdf -> /home/cecilnik/lonewolf/install/atv_pkg/share/atv_pkg/models/atvkda/
[1.420s] copying ./models/atvkda/logfile.txt -> /home/cecilnik/lonewolf/install/atv_pkg/share/atv_pkg/models/atvkda/
[1.420s] copying ./worlds/forest.world -> /home/cecilnik/lonewolf/install/atv_pkg/share/atv_pkg/models/
[1.421s] running install_egg_info
[1.423s] Copying ../../build/atv_pkg/atv_pkg.egg-info to /home/cecilnik/lonewolf/install/atv_pkg/lib/python3.8/site-packages/atv_pkg-0.0.0-py3.8.egg-info
[1.424s] running install_scripts
[1.447s] Installing atv_node script to /home/cecilnik/lonewolf/install/atv_pkg/lib/atv_pkg
[1.447s] writing list of installed files to '/home/cecilnik/lonewolf/build/atv_pkg/install.log'
[1.485s] Invoked command in '/home/cecilnik/lonewolf/src/atv_pkg' returned '0': PYTHONPATH=/home/cecilnik/lonewolf/install/atv_pkg/lib/python3.8/site-packages:${PYTHONPATH} /usr/bin/python3 setup.py egg_info --egg-base ../../build/atv_pkg build --build-base /home/cecilnik/lonewolf/build/atv_pkg/build install --prefix /home/cecilnik/lonewolf/install/atv_pkg --record /home/cecilnik/lonewolf/build/atv_pkg/install.log --single-version-externally-managed
