[1.019s] Invoking command in '/home/cecilnik/lonewolf/src/atv_pkg': PYTHONPATH=/home/cecilnik/lonewolf/install/atv_pkg/lib/python3.8/site-packages:${PYTHONPATH} /usr/bin/python3 setup.py egg_info --egg-base ../../build/atv_pkg build --build-base /home/cecilnik/lonewolf/build/atv_pkg/build install --prefix /home/cecilnik/lonewolf/install/atv_pkg --record /home/cecilnik/lonewolf/build/atv_pkg/install.log --single-version-externally-managed
[1.264s] running egg_info
[1.265s] writing ../../build/atv_pkg/atv_pkg.egg-info/PKG-INFO
[1.265s] writing dependency_links to ../../build/atv_pkg/atv_pkg.egg-info/dependency_links.txt
[1.265s] writing entry points to ../../build/atv_pkg/atv_pkg.egg-info/entry_points.txt
[1.265s] writing requirements to ../../build/atv_pkg/atv_pkg.egg-info/requires.txt
[1.265s] writing top-level names to ../../build/atv_pkg/atv_pkg.egg-info/top_level.txt
[1.304s] reading manifest file '../../build/atv_pkg/atv_pkg.egg-info/SOURCES.txt'
[1.305s] writing manifest file '../../build/atv_pkg/atv_pkg.egg-info/SOURCES.txt'
[1.305s] running build
[1.305s] running build_py
[1.305s] running install
[1.306s] running install_lib
[1.308s] running install_data
[1.309s] running install_egg_info
[1.311s] removing '/home/cecilnik/lonewolf/install/atv_pkg/lib/python3.8/site-packages/atv_pkg-0.0.0-py3.8.egg-info' (and everything under it)
[1.311s] Copying ../../build/atv_pkg/atv_pkg.egg-info to /home/cecilnik/lonewolf/install/atv_pkg/lib/python3.8/site-packages/atv_pkg-0.0.0-py3.8.egg-info
[1.312s] running install_scripts
[1.331s] Installing atv_node script to /home/cecilnik/lonewolf/install/atv_pkg/lib/atv_pkg
[1.331s] writing list of installed files to '/home/cecilnik/lonewolf/build/atv_pkg/install.log'
[1.381s] Invoked command in '/home/cecilnik/lonewolf/src/atv_pkg' returned '0': PYTHONPATH=/home/cecilnik/lonewolf/install/atv_pkg/lib/python3.8/site-packages:${PYTHONPATH} /usr/bin/python3 setup.py egg_info --egg-base ../../build/atv_pkg build --build-base /home/cecilnik/lonewolf/build/atv_pkg/build install --prefix /home/cecilnik/lonewolf/install/atv_pkg --record /home/cecilnik/lonewolf/build/atv_pkg/install.log --single-version-externally-managed
