[0.243s] DEBUG:colcon:Command line arguments: ['/usr/bin/colcon', 'build']
[0.243s] DEBUG:colcon:Parsed command line arguments: Namespace(allow_overriding=[], ament_cmake_args=None, base_paths=['.'], build_base='build', catkin_cmake_args=None, catkin_skip_building_tests=False, cmake_args=None, cmake_clean_cache=False, cmake_clean_first=False, cmake_force_configure=False, cmake_target=None, cmake_target_skip_unavailable=False, continue_on_error=False, event_handlers=None, executor='parallel', ignore_user_meta=False, install_base='install', log_base=None, log_level=None, main=<bound method BuildVerb.main of <colcon_core.verb.build.BuildVerb object at 0x7f46f0ba2c70>>, merge_install=False, metas=['./colcon.meta'], packages_above=None, packages_above_and_dependencies=None, packages_above_depth=None, packages_end=None, packages_ignore=None, packages_ignore_regex=None, packages_select=None, packages_select_build_failed=False, packages_select_by_dep=None, packages_select_regex=None, packages_select_test_failures=False, packages_skip=None, packages_skip_build_finished=False, packages_skip_by_dep=None, packages_skip_regex=None, packages_skip_test_passed=False, packages_skip_up_to=None, packages_start=None, packages_up_to=None, packages_up_to_regex=None, parallel_workers=8, paths=None, symlink_install=False, test_result_base=None, verb_extension=<colcon_core.verb.build.BuildVerb object at 0x7f46f0ba2c70>, verb_name='build', verb_parser=<colcon_defaults.argument_parser.defaults.DefaultArgumentsDecorator object at 0x7f46f0bac220>)
[0.253s] Level 1:colcon.colcon_core.package_discovery:discover_packages(colcon_meta) check parameters
[0.253s] Level 1:colcon.colcon_core.package_discovery:discover_packages(recursive) check parameters
[0.253s] Level 1:colcon.colcon_core.package_discovery:discover_packages(ignore) check parameters
[0.253s] Level 1:colcon.colcon_core.package_discovery:discover_packages(path) check parameters
[0.253s] Level 1:colcon.colcon_core.package_discovery:discover_packages(colcon_meta) discover
[0.253s] Level 1:colcon.colcon_core.package_discovery:discover_packages(recursive) discover
[0.253s] INFO:colcon.colcon_core.package_discovery:Crawling recursively for packages in '/home/cecilnik/lonewolf'
[0.253s] Level 1:colcon.colcon_core.package_identification:_identify(.) by extensions ['ignore', 'ignore_ament_install']
[0.253s] Level 1:colcon.colcon_core.package_identification:_identify(.) by extension 'ignore'
[0.253s] Level 1:colcon.colcon_core.package_identification:_identify(.) by extension 'ignore_ament_install'
[0.254s] Level 1:colcon.colcon_core.package_identification:_identify(.) by extensions ['colcon_pkg']
[0.254s] Level 1:colcon.colcon_core.package_identification:_identify(.) by extension 'colcon_pkg'
[0.254s] Level 1:colcon.colcon_core.package_identification:_identify(.) by extensions ['colcon_meta']
[0.254s] Level 1:colcon.colcon_core.package_identification:_identify(.) by extension 'colcon_meta'
[0.254s] Level 1:colcon.colcon_core.package_identification:_identify(.) by extensions ['ros']
[0.254s] Level 1:colcon.colcon_core.package_identification:_identify(.) by extension 'ros'
[0.268s] Level 1:colcon.colcon_core.package_identification:_identify(.) by extensions ['cmake', 'python']
[0.268s] Level 1:colcon.colcon_core.package_identification:_identify(.) by extension 'cmake'
[0.268s] Level 1:colcon.colcon_core.package_identification:_identify(.) by extension 'python'
[0.268s] Level 1:colcon.colcon_core.package_identification:_identify(.) by extensions ['python_setup_py']
[0.268s] Level 1:colcon.colcon_core.package_identification:_identify(.) by extension 'python_setup_py'
[0.268s] Level 1:colcon.colcon_core.package_identification:_identify(build) by extensions ['ignore', 'ignore_ament_install']
[0.268s] Level 1:colcon.colcon_core.package_identification:_identify(build) by extension 'ignore'
[0.268s] Level 1:colcon.colcon_core.package_identification:_identify(build) ignored
[0.268s] Level 1:colcon.colcon_core.package_identification:_identify(gazebomodels) by extensions ['ignore', 'ignore_ament_install']
[0.268s] Level 1:colcon.colcon_core.package_identification:_identify(gazebomodels) by extension 'ignore'
[0.269s] Level 1:colcon.colcon_core.package_identification:_identify(gazebomodels) by extension 'ignore_ament_install'
[0.269s] Level 1:colcon.colcon_core.package_identification:_identify(gazebomodels) by extensions ['colcon_pkg']
[0.269s] Level 1:colcon.colcon_core.package_identification:_identify(gazebomodels) by extension 'colcon_pkg'
[0.269s] Level 1:colcon.colcon_core.package_identification:_identify(gazebomodels) by extensions ['colcon_meta']
[0.269s] Level 1:colcon.colcon_core.package_identification:_identify(gazebomodels) by extension 'colcon_meta'
[0.269s] Level 1:colcon.colcon_core.package_identification:_identify(gazebomodels) by extensions ['ros']
[0.269s] Level 1:colcon.colcon_core.package_identification:_identify(gazebomodels) by extension 'ros'
[0.269s] Level 1:colcon.colcon_core.package_identification:_identify(gazebomodels) by extensions ['cmake', 'python']
[0.269s] Level 1:colcon.colcon_core.package_identification:_identify(gazebomodels) by extension 'cmake'
[0.269s] Level 1:colcon.colcon_core.package_identification:_identify(gazebomodels) by extension 'python'
[0.269s] Level 1:colcon.colcon_core.package_identification:_identify(gazebomodels) by extensions ['python_setup_py']
[0.269s] Level 1:colcon.colcon_core.package_identification:_identify(gazebomodels) by extension 'python_setup_py'
[0.269s] Level 1:colcon.colcon_core.package_identification:_identify(gazebomodels/atvkda) by extensions ['ignore', 'ignore_ament_install']
[0.269s] Level 1:colcon.colcon_core.package_identification:_identify(gazebomodels/atvkda) by extension 'ignore'
[0.269s] Level 1:colcon.colcon_core.package_identification:_identify(gazebomodels/atvkda) by extension 'ignore_ament_install'
[0.269s] Level 1:colcon.colcon_core.package_identification:_identify(gazebomodels/atvkda) by extensions ['colcon_pkg']
[0.269s] Level 1:colcon.colcon_core.package_identification:_identify(gazebomodels/atvkda) by extension 'colcon_pkg'
[0.269s] Level 1:colcon.colcon_core.package_identification:_identify(gazebomodels/atvkda) by extensions ['colcon_meta']
[0.270s] Level 1:colcon.colcon_core.package_identification:_identify(gazebomodels/atvkda) by extension 'colcon_meta'
[0.270s] Level 1:colcon.colcon_core.package_identification:_identify(gazebomodels/atvkda) by extensions ['ros']
[0.270s] Level 1:colcon.colcon_core.package_identification:_identify(gazebomodels/atvkda) by extension 'ros'
[0.270s] Level 1:colcon.colcon_core.package_identification:_identify(gazebomodels/atvkda) by extensions ['cmake', 'python']
[0.270s] Level 1:colcon.colcon_core.package_identification:_identify(gazebomodels/atvkda) by extension 'cmake'
[0.270s] Level 1:colcon.colcon_core.package_identification:_identify(gazebomodels/atvkda) by extension 'python'
[0.270s] Level 1:colcon.colcon_core.package_identification:_identify(gazebomodels/atvkda) by extensions ['python_setup_py']
[0.270s] Level 1:colcon.colcon_core.package_identification:_identify(gazebomodels/atvkda) by extension 'python_setup_py'
[0.270s] Level 1:colcon.colcon_core.package_identification:_identify(gazebomodels/atvkda/meshes) by extensions ['ignore', 'ignore_ament_install']
[0.270s] Level 1:colcon.colcon_core.package_identification:_identify(gazebomodels/atvkda/meshes) by extension 'ignore'
[0.270s] Level 1:colcon.colcon_core.package_identification:_identify(gazebomodels/atvkda/meshes) by extension 'ignore_ament_install'
[0.270s] Level 1:colcon.colcon_core.package_identification:_identify(gazebomodels/atvkda/meshes) by extensions ['colcon_pkg']
[0.270s] Level 1:colcon.colcon_core.package_identification:_identify(gazebomodels/atvkda/meshes) by extension 'colcon_pkg'
[0.270s] Level 1:colcon.colcon_core.package_identification:_identify(gazebomodels/atvkda/meshes) by extensions ['colcon_meta']
[0.270s] Level 1:colcon.colcon_core.package_identification:_identify(gazebomodels/atvkda/meshes) by extension 'colcon_meta'
[0.270s] Level 1:colcon.colcon_core.package_identification:_identify(gazebomodels/atvkda/meshes) by extensions ['ros']
[0.270s] Level 1:colcon.colcon_core.package_identification:_identify(gazebomodels/atvkda/meshes) by extension 'ros'
[0.271s] Level 1:colcon.colcon_core.package_identification:_identify(gazebomodels/atvkda/meshes) by extensions ['cmake', 'python']
[0.271s] Level 1:colcon.colcon_core.package_identification:_identify(gazebomodels/atvkda/meshes) by extension 'cmake'
[0.271s] Level 1:colcon.colcon_core.package_identification:_identify(gazebomodels/atvkda/meshes) by extension 'python'
[0.271s] Level 1:colcon.colcon_core.package_identification:_identify(gazebomodels/atvkda/meshes) by extensions ['python_setup_py']
[0.271s] Level 1:colcon.colcon_core.package_identification:_identify(gazebomodels/atvkda/meshes) by extension 'python_setup_py'
[0.271s] Level 1:colcon.colcon_core.package_identification:_identify(gazebomodels/atvkda/meshes/CAD) by extensions ['ignore', 'ignore_ament_install']
[0.271s] Level 1:colcon.colcon_core.package_identification:_identify(gazebomodels/atvkda/meshes/CAD) by extension 'ignore'
[0.271s] Level 1:colcon.colcon_core.package_identification:_identify(gazebomodels/atvkda/meshes/CAD) by extension 'ignore_ament_install'
[0.271s] Level 1:colcon.colcon_core.package_identification:_identify(gazebomodels/atvkda/meshes/CAD) by extensions ['colcon_pkg']
[0.271s] Level 1:colcon.colcon_core.package_identification:_identify(gazebomodels/atvkda/meshes/CAD) by extension 'colcon_pkg'
[0.271s] Level 1:colcon.colcon_core.package_identification:_identify(gazebomodels/atvkda/meshes/CAD) by extensions ['colcon_meta']
[0.271s] Level 1:colcon.colcon_core.package_identification:_identify(gazebomodels/atvkda/meshes/CAD) by extension 'colcon_meta'
[0.271s] Level 1:colcon.colcon_core.package_identification:_identify(gazebomodels/atvkda/meshes/CAD) by extensions ['ros']
[0.271s] Level 1:colcon.colcon_core.package_identification:_identify(gazebomodels/atvkda/meshes/CAD) by extension 'ros'
[0.271s] Level 1:colcon.colcon_core.package_identification:_identify(gazebomodels/atvkda/meshes/CAD) by extensions ['cmake', 'python']
[0.271s] Level 1:colcon.colcon_core.package_identification:_identify(gazebomodels/atvkda/meshes/CAD) by extension 'cmake'
[0.271s] Level 1:colcon.colcon_core.package_identification:_identify(gazebomodels/atvkda/meshes/CAD) by extension 'python'
[0.271s] Level 1:colcon.colcon_core.package_identification:_identify(gazebomodels/atvkda/meshes/CAD) by extensions ['python_setup_py']
[0.272s] Level 1:colcon.colcon_core.package_identification:_identify(gazebomodels/atvkda/meshes/CAD) by extension 'python_setup_py'
[0.272s] Level 1:colcon.colcon_core.package_identification:_identify(gazebomodels/atvol) by extensions ['ignore', 'ignore_ament_install']
[0.272s] Level 1:colcon.colcon_core.package_identification:_identify(gazebomodels/atvol) by extension 'ignore'
[0.272s] Level 1:colcon.colcon_core.package_identification:_identify(gazebomodels/atvol) by extension 'ignore_ament_install'
[0.272s] Level 1:colcon.colcon_core.package_identification:_identify(gazebomodels/atvol) by extensions ['colcon_pkg']
[0.272s] Level 1:colcon.colcon_core.package_identification:_identify(gazebomodels/atvol) by extension 'colcon_pkg'
[0.272s] Level 1:colcon.colcon_core.package_identification:_identify(gazebomodels/atvol) by extensions ['colcon_meta']
[0.272s] Level 1:colcon.colcon_core.package_identification:_identify(gazebomodels/atvol) by extension 'colcon_meta'
[0.272s] Level 1:colcon.colcon_core.package_identification:_identify(gazebomodels/atvol) by extensions ['ros']
[0.272s] Level 1:colcon.colcon_core.package_identification:_identify(gazebomodels/atvol) by extension 'ros'
[0.272s] Level 1:colcon.colcon_core.package_identification:_identify(gazebomodels/atvol) by extensions ['cmake', 'python']
[0.272s] Level 1:colcon.colcon_core.package_identification:_identify(gazebomodels/atvol) by extension 'cmake'
[0.272s] Level 1:colcon.colcon_core.package_identification:_identify(gazebomodels/atvol) by extension 'python'
[0.272s] Level 1:colcon.colcon_core.package_identification:_identify(gazebomodels/atvol) by extensions ['python_setup_py']
[0.272s] Level 1:colcon.colcon_core.package_identification:_identify(gazebomodels/atvol) by extension 'python_setup_py'
[0.272s] Level 1:colcon.colcon_core.package_identification:_identify(gazebomodels/atvol/meshes) by extensions ['ignore', 'ignore_ament_install']
[0.273s] Level 1:colcon.colcon_core.package_identification:_identify(gazebomodels/atvol/meshes) by extension 'ignore'
[0.273s] Level 1:colcon.colcon_core.package_identification:_identify(gazebomodels/atvol/meshes) by extension 'ignore_ament_install'
[0.273s] Level 1:colcon.colcon_core.package_identification:_identify(gazebomodels/atvol/meshes) by extensions ['colcon_pkg']
[0.273s] Level 1:colcon.colcon_core.package_identification:_identify(gazebomodels/atvol/meshes) by extension 'colcon_pkg'
[0.273s] Level 1:colcon.colcon_core.package_identification:_identify(gazebomodels/atvol/meshes) by extensions ['colcon_meta']
[0.273s] Level 1:colcon.colcon_core.package_identification:_identify(gazebomodels/atvol/meshes) by extension 'colcon_meta'
[0.273s] Level 1:colcon.colcon_core.package_identification:_identify(gazebomodels/atvol/meshes) by extensions ['ros']
[0.273s] Level 1:colcon.colcon_core.package_identification:_identify(gazebomodels/atvol/meshes) by extension 'ros'
[0.273s] Level 1:colcon.colcon_core.package_identification:_identify(gazebomodels/atvol/meshes) by extensions ['cmake', 'python']
[0.273s] Level 1:colcon.colcon_core.package_identification:_identify(gazebomodels/atvol/meshes) by extension 'cmake'
[0.273s] Level 1:colcon.colcon_core.package_identification:_identify(gazebomodels/atvol/meshes) by extension 'python'
[0.273s] Level 1:colcon.colcon_core.package_identification:_identify(gazebomodels/atvol/meshes) by extensions ['python_setup_py']
[0.273s] Level 1:colcon.colcon_core.package_identification:_identify(gazebomodels/atvol/meshes) by extension 'python_setup_py'
[0.273s] Level 1:colcon.colcon_core.package_identification:_identify(gazebomodels/atvol/meshes/CAD) by extensions ['ignore', 'ignore_ament_install']
[0.273s] Level 1:colcon.colcon_core.package_identification:_identify(gazebomodels/atvol/meshes/CAD) by extension 'ignore'
[0.273s] Level 1:colcon.colcon_core.package_identification:_identify(gazebomodels/atvol/meshes/CAD) by extension 'ignore_ament_install'
[0.274s] Level 1:colcon.colcon_core.package_identification:_identify(gazebomodels/atvol/meshes/CAD) by extensions ['colcon_pkg']
[0.274s] Level 1:colcon.colcon_core.package_identification:_identify(gazebomodels/atvol/meshes/CAD) by extension 'colcon_pkg'
[0.274s] Level 1:colcon.colcon_core.package_identification:_identify(gazebomodels/atvol/meshes/CAD) by extensions ['colcon_meta']
[0.274s] Level 1:colcon.colcon_core.package_identification:_identify(gazebomodels/atvol/meshes/CAD) by extension 'colcon_meta'
[0.274s] Level 1:colcon.colcon_core.package_identification:_identify(gazebomodels/atvol/meshes/CAD) by extensions ['ros']
[0.274s] Level 1:colcon.colcon_core.package_identification:_identify(gazebomodels/atvol/meshes/CAD) by extension 'ros'
[0.274s] Level 1:colcon.colcon_core.package_identification:_identify(gazebomodels/atvol/meshes/CAD) by extensions ['cmake', 'python']
[0.274s] Level 1:colcon.colcon_core.package_identification:_identify(gazebomodels/atvol/meshes/CAD) by extension 'cmake'
[0.274s] Level 1:colcon.colcon_core.package_identification:_identify(gazebomodels/atvol/meshes/CAD) by extension 'python'
[0.274s] Level 1:colcon.colcon_core.package_identification:_identify(gazebomodels/atvol/meshes/CAD) by extensions ['python_setup_py']
[0.274s] Level 1:colcon.colcon_core.package_identification:_identify(gazebomodels/atvol/meshes/CAD) by extension 'python_setup_py'
[0.274s] Level 1:colcon.colcon_core.package_identification:_identify(gazebomodels/velodyne_VLP16) by extensions ['ignore', 'ignore_ament_install']
[0.274s] Level 1:colcon.colcon_core.package_identification:_identify(gazebomodels/velodyne_VLP16) by extension 'ignore'
[0.274s] Level 1:colcon.colcon_core.package_identification:_identify(gazebomodels/velodyne_VLP16) by extension 'ignore_ament_install'
[0.274s] Level 1:colcon.colcon_core.package_identification:_identify(gazebomodels/velodyne_VLP16) by extensions ['colcon_pkg']
[0.274s] Level 1:colcon.colcon_core.package_identification:_identify(gazebomodels/velodyne_VLP16) by extension 'colcon_pkg'
[0.274s] Level 1:colcon.colcon_core.package_identification:_identify(gazebomodels/velodyne_VLP16) by extensions ['colcon_meta']
[0.274s] Level 1:colcon.colcon_core.package_identification:_identify(gazebomodels/velodyne_VLP16) by extension 'colcon_meta'
[0.275s] Level 1:colcon.colcon_core.package_identification:_identify(gazebomodels/velodyne_VLP16) by extensions ['ros']
[0.275s] Level 1:colcon.colcon_core.package_identification:_identify(gazebomodels/velodyne_VLP16) by extension 'ros'
[0.275s] Level 1:colcon.colcon_core.package_identification:_identify(gazebomodels/velodyne_VLP16) by extensions ['cmake', 'python']
[0.275s] Level 1:colcon.colcon_core.package_identification:_identify(gazebomodels/velodyne_VLP16) by extension 'cmake'
[0.275s] Level 1:colcon.colcon_core.package_identification:_identify(gazebomodels/velodyne_VLP16) by extension 'python'
[0.275s] Level 1:colcon.colcon_core.package_identification:_identify(gazebomodels/velodyne_VLP16) by extensions ['python_setup_py']
[0.275s] Level 1:colcon.colcon_core.package_identification:_identify(gazebomodels/velodyne_VLP16) by extension 'python_setup_py'
[0.275s] Level 1:colcon.colcon_core.package_identification:_identify(gazebomodels/velodyne_VLP16/meshes) by extensions ['ignore', 'ignore_ament_install']
[0.275s] Level 1:colcon.colcon_core.package_identification:_identify(gazebomodels/velodyne_VLP16/meshes) by extension 'ignore'
[0.275s] Level 1:colcon.colcon_core.package_identification:_identify(gazebomodels/velodyne_VLP16/meshes) by extension 'ignore_ament_install'
[0.275s] Level 1:colcon.colcon_core.package_identification:_identify(gazebomodels/velodyne_VLP16/meshes) by extensions ['colcon_pkg']
[0.275s] Level 1:colcon.colcon_core.package_identification:_identify(gazebomodels/velodyne_VLP16/meshes) by extension 'colcon_pkg'
[0.275s] Level 1:colcon.colcon_core.package_identification:_identify(gazebomodels/velodyne_VLP16/meshes) by extensions ['colcon_meta']
[0.275s] Level 1:colcon.colcon_core.package_identification:_identify(gazebomodels/velodyne_VLP16/meshes) by extension 'colcon_meta'
[0.275s] Level 1:colcon.colcon_core.package_identification:_identify(gazebomodels/velodyne_VLP16/meshes) by extensions ['ros']
[0.275s] Level 1:colcon.colcon_core.package_identification:_identify(gazebomodels/velodyne_VLP16/meshes) by extension 'ros'
[0.275s] Level 1:colcon.colcon_core.package_identification:_identify(gazebomodels/velodyne_VLP16/meshes) by extensions ['cmake', 'python']
[0.276s] Level 1:colcon.colcon_core.package_identification:_identify(gazebomodels/velodyne_VLP16/meshes) by extension 'cmake'
[0.276s] Level 1:colcon.colcon_core.package_identification:_identify(gazebomodels/velodyne_VLP16/meshes) by extension 'python'
[0.276s] Level 1:colcon.colcon_core.package_identification:_identify(gazebomodels/velodyne_VLP16/meshes) by extensions ['python_setup_py']
[0.276s] Level 1:colcon.colcon_core.package_identification:_identify(gazebomodels/velodyne_VLP16/meshes) by extension 'python_setup_py'
[0.276s] Level 1:colcon.colcon_core.package_identification:_identify(install) by extensions ['ignore', 'ignore_ament_install']
[0.276s] Level 1:colcon.colcon_core.package_identification:_identify(install) by extension 'ignore'
[0.276s] Level 1:colcon.colcon_core.package_identification:_identify(install) ignored
[0.276s] Level 1:colcon.colcon_core.package_identification:_identify(log) by extensions ['ignore', 'ignore_ament_install']
[0.276s] Level 1:colcon.colcon_core.package_identification:_identify(log) by extension 'ignore'
[0.276s] Level 1:colcon.colcon_core.package_identification:_identify(log) ignored
[0.276s] Level 1:colcon.colcon_core.package_identification:_identify(src) by extensions ['ignore', 'ignore_ament_install']
[0.276s] Level 1:colcon.colcon_core.package_identification:_identify(src) by extension 'ignore'
[0.276s] Level 1:colcon.colcon_core.package_identification:_identify(src) by extension 'ignore_ament_install'
[0.276s] Level 1:colcon.colcon_core.package_identification:_identify(src) by extensions ['colcon_pkg']
[0.276s] Level 1:colcon.colcon_core.package_identification:_identify(src) by extension 'colcon_pkg'
[0.277s] Level 1:colcon.colcon_core.package_identification:_identify(src) by extensions ['colcon_meta']
[0.277s] Level 1:colcon.colcon_core.package_identification:_identify(src) by extension 'colcon_meta'
[0.277s] Level 1:colcon.colcon_core.package_identification:_identify(src) by extensions ['ros']
[0.277s] Level 1:colcon.colcon_core.package_identification:_identify(src) by extension 'ros'
[0.277s] Level 1:colcon.colcon_core.package_identification:_identify(src) by extensions ['cmake', 'python']
[0.277s] Level 1:colcon.colcon_core.package_identification:_identify(src) by extension 'cmake'
[0.277s] Level 1:colcon.colcon_core.package_identification:_identify(src) by extension 'python'
[0.277s] Level 1:colcon.colcon_core.package_identification:_identify(src) by extensions ['python_setup_py']
[0.277s] Level 1:colcon.colcon_core.package_identification:_identify(src) by extension 'python_setup_py'
[0.277s] Level 1:colcon.colcon_core.package_identification:_identify(src/atv_controller_pkg) by extensions ['ignore', 'ignore_ament_install']
[0.277s] Level 1:colcon.colcon_core.package_identification:_identify(src/atv_controller_pkg) by extension 'ignore'
[0.277s] Level 1:colcon.colcon_core.package_identification:_identify(src/atv_controller_pkg) by extension 'ignore_ament_install'
[0.277s] Level 1:colcon.colcon_core.package_identification:_identify(src/atv_controller_pkg) by extensions ['colcon_pkg']
[0.277s] Level 1:colcon.colcon_core.package_identification:_identify(src/atv_controller_pkg) by extension 'colcon_pkg'
[0.277s] Level 1:colcon.colcon_core.package_identification:_identify(src/atv_controller_pkg) by extensions ['colcon_meta']
[0.277s] Level 1:colcon.colcon_core.package_identification:_identify(src/atv_controller_pkg) by extension 'colcon_meta'
[0.277s] Level 1:colcon.colcon_core.package_identification:_identify(src/atv_controller_pkg) by extensions ['ros']
[0.277s] Level 1:colcon.colcon_core.package_identification:_identify(src/atv_controller_pkg) by extension 'ros'
[0.280s] DEBUG:colcon.colcon_core.package_identification:Package 'src/atv_controller_pkg' with type 'ros.ament_python' and name 'atv_controller_pkg'
[0.281s] Level 1:colcon.colcon_core.package_identification:_identify(src/atv_pkg) by extensions ['ignore', 'ignore_ament_install']
[0.281s] Level 1:colcon.colcon_core.package_identification:_identify(src/atv_pkg) by extension 'ignore'
[0.281s] Level 1:colcon.colcon_core.package_identification:_identify(src/atv_pkg) by extension 'ignore_ament_install'
[0.281s] Level 1:colcon.colcon_core.package_identification:_identify(src/atv_pkg) by extensions ['colcon_pkg']
[0.281s] Level 1:colcon.colcon_core.package_identification:_identify(src/atv_pkg) by extension 'colcon_pkg'
[0.281s] Level 1:colcon.colcon_core.package_identification:_identify(src/atv_pkg) by extensions ['colcon_meta']
[0.281s] Level 1:colcon.colcon_core.package_identification:_identify(src/atv_pkg) by extension 'colcon_meta'
[0.281s] Level 1:colcon.colcon_core.package_identification:_identify(src/atv_pkg) by extensions ['ros']
[0.281s] Level 1:colcon.colcon_core.package_identification:_identify(src/atv_pkg) by extension 'ros'
[0.282s] DEBUG:colcon.colcon_core.package_identification:Package 'src/atv_pkg' with type 'ros.ament_python' and name 'atv_pkg'
[0.282s] Level 1:colcon.colcon_core.package_identification:_identify(src/world_plugins) by extensions ['ignore', 'ignore_ament_install']
[0.282s] Level 1:colcon.colcon_core.package_identification:_identify(src/world_plugins) by extension 'ignore'
[0.282s] Level 1:colcon.colcon_core.package_identification:_identify(src/world_plugins) by extension 'ignore_ament_install'
[0.282s] Level 1:colcon.colcon_core.package_identification:_identify(src/world_plugins) by extensions ['colcon_pkg']
[0.282s] Level 1:colcon.colcon_core.package_identification:_identify(src/world_plugins) by extension 'colcon_pkg'
[0.282s] Level 1:colcon.colcon_core.package_identification:_identify(src/world_plugins) by extensions ['colcon_meta']
[0.282s] Level 1:colcon.colcon_core.package_identification:_identify(src/world_plugins) by extension 'colcon_meta'
[0.282s] Level 1:colcon.colcon_core.package_identification:_identify(src/world_plugins) by extensions ['ros']
[0.282s] Level 1:colcon.colcon_core.package_identification:_identify(src/world_plugins) by extension 'ros'
[0.282s] Level 1:colcon.colcon_core.package_identification:_identify(src/world_plugins) by extensions ['cmake', 'python']
[0.282s] Level 1:colcon.colcon_core.package_identification:_identify(src/world_plugins) by extension 'cmake'
[0.282s] Level 1:colcon.colcon_core.package_identification:_identify(src/world_plugins) by extension 'python'
[0.282s] Level 1:colcon.colcon_core.package_identification:_identify(src/world_plugins) by extensions ['python_setup_py']
[0.283s] Level 1:colcon.colcon_core.package_identification:_identify(src/world_plugins) by extension 'python_setup_py'
[0.283s] Level 1:colcon.colcon_core.package_discovery:discover_packages(recursive) using defaults
[0.283s] Level 1:colcon.colcon_core.package_discovery:discover_packages(ignore) discover
[0.283s] Level 1:colcon.colcon_core.package_discovery:discover_packages(ignore) using defaults
[0.283s] Level 1:colcon.colcon_core.package_discovery:discover_packages(path) discover
[0.283s] Level 1:colcon.colcon_core.package_discovery:discover_packages(path) using defaults
[0.319s] Level 5:colcon.colcon_core.verb:set package 'atv_controller_pkg' build argument 'cmake_args' from command line to 'None'
[0.319s] Level 5:colcon.colcon_core.verb:set package 'atv_controller_pkg' build argument 'cmake_target' from command line to 'None'
[0.319s] Level 5:colcon.colcon_core.verb:set package 'atv_controller_pkg' build argument 'cmake_target_skip_unavailable' from command line to 'False'
[0.319s] Level 5:colcon.colcon_core.verb:set package 'atv_controller_pkg' build argument 'cmake_clean_cache' from command line to 'False'
[0.319s] Level 5:colcon.colcon_core.verb:set package 'atv_controller_pkg' build argument 'cmake_clean_first' from command line to 'False'
[0.319s] Level 5:colcon.colcon_core.verb:set package 'atv_controller_pkg' build argument 'cmake_force_configure' from command line to 'False'
[0.319s] Level 5:colcon.colcon_core.verb:set package 'atv_controller_pkg' build argument 'ament_cmake_args' from command line to 'None'
[0.319s] Level 5:colcon.colcon_core.verb:set package 'atv_controller_pkg' build argument 'catkin_cmake_args' from command line to 'None'
[0.319s] Level 5:colcon.colcon_core.verb:set package 'atv_controller_pkg' build argument 'catkin_skip_building_tests' from command line to 'False'
[0.320s] DEBUG:colcon.colcon_core.verb:Building package 'atv_controller_pkg' with the following arguments: {'ament_cmake_args': None, 'build_base': '/home/cecilnik/lonewolf/build/atv_controller_pkg', 'catkin_cmake_args': None, 'catkin_skip_building_tests': False, 'cmake_args': None, 'cmake_clean_cache': False, 'cmake_clean_first': False, 'cmake_force_configure': False, 'cmake_target': None, 'cmake_target_skip_unavailable': False, 'install_base': '/home/cecilnik/lonewolf/install/atv_controller_pkg', 'merge_install': False, 'path': '/home/cecilnik/lonewolf/src/atv_controller_pkg', 'symlink_install': False, 'test_result_base': None}
[0.321s] Level 5:colcon.colcon_core.verb:set package 'atv_pkg' build argument 'cmake_args' from command line to 'None'
[0.321s] Level 5:colcon.colcon_core.verb:set package 'atv_pkg' build argument 'cmake_target' from command line to 'None'
[0.321s] Level 5:colcon.colcon_core.verb:set package 'atv_pkg' build argument 'cmake_target_skip_unavailable' from command line to 'False'
[0.321s] Level 5:colcon.colcon_core.verb:set package 'atv_pkg' build argument 'cmake_clean_cache' from command line to 'False'
[0.321s] Level 5:colcon.colcon_core.verb:set package 'atv_pkg' build argument 'cmake_clean_first' from command line to 'False'
[0.321s] Level 5:colcon.colcon_core.verb:set package 'atv_pkg' build argument 'cmake_force_configure' from command line to 'False'
[0.321s] Level 5:colcon.colcon_core.verb:set package 'atv_pkg' build argument 'ament_cmake_args' from command line to 'None'
[0.321s] Level 5:colcon.colcon_core.verb:set package 'atv_pkg' build argument 'catkin_cmake_args' from command line to 'None'
[0.321s] Level 5:colcon.colcon_core.verb:set package 'atv_pkg' build argument 'catkin_skip_building_tests' from command line to 'False'
[0.321s] DEBUG:colcon.colcon_core.verb:Building package 'atv_pkg' with the following arguments: {'ament_cmake_args': None, 'build_base': '/home/cecilnik/lonewolf/build/atv_pkg', 'catkin_cmake_args': None, 'catkin_skip_building_tests': False, 'cmake_args': None, 'cmake_clean_cache': False, 'cmake_clean_first': False, 'cmake_force_configure': False, 'cmake_target': None, 'cmake_target_skip_unavailable': False, 'install_base': '/home/cecilnik/lonewolf/install/atv_pkg', 'merge_install': False, 'path': '/home/cecilnik/lonewolf/src/atv_pkg', 'symlink_install': False, 'test_result_base': None}
[0.347s] WARNING:colcon.colcon_core.verb:Some selected packages are already built in one or more underlay workspaces:
	'atv_controller_pkg' is in: /home/cecilnik/lonewolf/install/atv_controller_pkg
	'atv_pkg' is in: /home/cecilnik/lonewolf/install/atv_pkg
If a package in a merged underlay workspace is overridden and it installs headers, then all packages in the overlay must sort their include directories by workspace order. Failure to do so may result in build failures or undefined behavior at run time.
If the overridden package is used by another package in any underlay, then the overriding package in the overlay must be API and ABI compatible or undefined behavior at run time may occur.

If you understand the risks and want to override a package anyways, add the following to the command line:
	--allow-overriding atv_controller_pkg atv_pkg

This may be promoted to an error in a future release of colcon-core.
[0.347s] INFO:colcon.colcon_core.executor:Executing jobs using 'parallel' executor
[0.350s] DEBUG:colcon.colcon_parallel_executor.executor.parallel:run_until_complete
[0.351s] INFO:colcon.colcon_ros.task.ament_python.build:Building ROS package in '/home/cecilnik/lonewolf/src/atv_controller_pkg' with build type 'ament_python'
[0.351s] Level 1:colcon.colcon_core.shell:create_environment_hook('atv_controller_pkg', 'ament_prefix_path')
[0.358s] INFO:colcon.colcon_core.plugin_system:Skipping extension 'colcon_core.shell.bat': Not used on non-Windows systems
[0.358s] INFO:colcon.colcon_core.shell:Creating environment hook '/home/cecilnik/lonewolf/install/atv_controller_pkg/share/atv_controller_pkg/hook/ament_prefix_path.ps1'
[0.360s] INFO:colcon.colcon_core.shell:Creating environment descriptor '/home/cecilnik/lonewolf/install/atv_controller_pkg/share/atv_controller_pkg/hook/ament_prefix_path.dsv'
[0.360s] INFO:colcon.colcon_core.shell:Creating environment hook '/home/cecilnik/lonewolf/install/atv_controller_pkg/share/atv_controller_pkg/hook/ament_prefix_path.sh'
[0.362s] INFO:colcon.colcon_core.shell:Skip shell extension 'powershell' for command environment: Not usable outside of PowerShell
[0.362s] DEBUG:colcon.colcon_core.shell:Skip shell extension 'dsv' for command environment
[0.370s] INFO:colcon.colcon_ros.task.ament_python.build:Building ROS package in '/home/cecilnik/lonewolf/src/atv_pkg' with build type 'ament_python'
[0.370s] Level 1:colcon.colcon_core.shell:create_environment_hook('atv_pkg', 'ament_prefix_path')
[0.371s] INFO:colcon.colcon_core.shell:Creating environment hook '/home/cecilnik/lonewolf/install/atv_pkg/share/atv_pkg/hook/ament_prefix_path.ps1'
[0.372s] INFO:colcon.colcon_core.shell:Creating environment descriptor '/home/cecilnik/lonewolf/install/atv_pkg/share/atv_pkg/hook/ament_prefix_path.dsv'
[0.372s] INFO:colcon.colcon_core.shell:Creating environment hook '/home/cecilnik/lonewolf/install/atv_pkg/share/atv_pkg/hook/ament_prefix_path.sh'
[0.373s] INFO:colcon.colcon_core.shell:Skip shell extension 'powershell' for command environment: Not usable outside of PowerShell
[0.373s] DEBUG:colcon.colcon_core.shell:Skip shell extension 'dsv' for command environment
[0.627s] INFO:colcon.colcon_core.task.python.build:Building Python package in '/home/cecilnik/lonewolf/src/atv_controller_pkg'
[0.628s] INFO:colcon.colcon_core.shell:Skip shell extension 'powershell' for command environment: Not usable outside of PowerShell
[0.628s] DEBUG:colcon.colcon_core.shell:Skip shell extension 'dsv' for command environment
[0.876s] INFO:colcon.colcon_core.task.python.build:Building Python package in '/home/cecilnik/lonewolf/src/atv_pkg'
[0.878s] INFO:colcon.colcon_core.shell:Skip shell extension 'powershell' for command environment: Not usable outside of PowerShell
[0.878s] DEBUG:colcon.colcon_core.shell:Skip shell extension 'dsv' for command environment
[1.421s] DEBUG:colcon.colcon_core.event_handler.log_command:Invoking command in '/home/cecilnik/lonewolf/src/atv_pkg': PYTHONPATH=/home/cecilnik/lonewolf/install/atv_pkg/lib/python3.8/site-packages:${PYTHONPATH} /usr/bin/python3 setup.py egg_info --egg-base ../../build/atv_pkg build --build-base /home/cecilnik/lonewolf/build/atv_pkg/build install --prefix /home/cecilnik/lonewolf/install/atv_pkg --record /home/cecilnik/lonewolf/build/atv_pkg/install.log --single-version-externally-managed
[1.430s] DEBUG:colcon.colcon_core.event_handler.log_command:Invoking command in '/home/cecilnik/lonewolf/src/atv_controller_pkg': PYTHONPATH=/home/cecilnik/lonewolf/install/atv_controller_pkg/lib/python3.8/site-packages:${PYTHONPATH} /usr/bin/python3 setup.py egg_info --egg-base ../../build/atv_controller_pkg build --build-base /home/cecilnik/lonewolf/build/atv_controller_pkg/build install --prefix /home/cecilnik/lonewolf/install/atv_controller_pkg --record /home/cecilnik/lonewolf/build/atv_controller_pkg/install.log --single-version-externally-managed
[1.766s] DEBUG:colcon.colcon_core.event_handler.log_command:Invoked command in '/home/cecilnik/lonewolf/src/atv_pkg' returned '0': PYTHONPATH=/home/cecilnik/lonewolf/install/atv_pkg/lib/python3.8/site-packages:${PYTHONPATH} /usr/bin/python3 setup.py egg_info --egg-base ../../build/atv_pkg build --build-base /home/cecilnik/lonewolf/build/atv_pkg/build install --prefix /home/cecilnik/lonewolf/install/atv_pkg --record /home/cecilnik/lonewolf/build/atv_pkg/install.log --single-version-externally-managed
[1.775s] Level 1:colcon.colcon_core.environment:checking '/home/cecilnik/lonewolf/install/atv_pkg' for CMake module files
[1.775s] Level 1:colcon.colcon_core.environment:checking '/home/cecilnik/lonewolf/install/atv_pkg' for CMake config files
[1.776s] Level 1:colcon.colcon_core.environment:checking '/home/cecilnik/lonewolf/install/atv_pkg/lib'
[1.777s] Level 1:colcon.colcon_core.environment:checking '/home/cecilnik/lonewolf/install/atv_pkg/bin'
[1.777s] Level 1:colcon.colcon_core.environment:checking '/home/cecilnik/lonewolf/install/atv_pkg/lib/pkgconfig/atv_pkg.pc'
[1.777s] Level 1:colcon.colcon_core.environment:checking '/home/cecilnik/lonewolf/install/atv_pkg/lib/python3.8/site-packages'
[1.777s] Level 1:colcon.colcon_core.shell:create_environment_hook('atv_pkg', 'pythonpath')
[1.778s] INFO:colcon.colcon_core.shell:Creating environment hook '/home/cecilnik/lonewolf/install/atv_pkg/share/atv_pkg/hook/pythonpath.ps1'
[1.778s] INFO:colcon.colcon_core.shell:Creating environment descriptor '/home/cecilnik/lonewolf/install/atv_pkg/share/atv_pkg/hook/pythonpath.dsv'
[1.779s] INFO:colcon.colcon_core.shell:Creating environment hook '/home/cecilnik/lonewolf/install/atv_pkg/share/atv_pkg/hook/pythonpath.sh'
[1.779s] Level 1:colcon.colcon_core.environment:create_environment_scripts_only(atv_pkg)
[1.780s] INFO:colcon.colcon_core.shell:Creating package script '/home/cecilnik/lonewolf/install/atv_pkg/share/atv_pkg/package.ps1'
[1.781s] INFO:colcon.colcon_core.shell:Creating package descriptor '/home/cecilnik/lonewolf/install/atv_pkg/share/atv_pkg/package.dsv'
[1.782s] INFO:colcon.colcon_core.shell:Creating package script '/home/cecilnik/lonewolf/install/atv_pkg/share/atv_pkg/package.sh'
[1.784s] INFO:colcon.colcon_core.shell:Creating package script '/home/cecilnik/lonewolf/install/atv_pkg/share/atv_pkg/package.bash'
[1.785s] INFO:colcon.colcon_core.shell:Creating package script '/home/cecilnik/lonewolf/install/atv_pkg/share/atv_pkg/package.zsh'
[1.786s] Level 1:colcon.colcon_core.environment:create_file_with_runtime_dependencies(/home/cecilnik/lonewolf/install/atv_pkg/share/colcon-core/packages/atv_pkg)
[1.788s] Level 1:colcon.colcon_core.environment:checking '/home/cecilnik/lonewolf/install/atv_controller_pkg' for CMake module files
[1.789s] DEBUG:colcon.colcon_core.event_handler.log_command:Invoked command in '/home/cecilnik/lonewolf/src/atv_controller_pkg' returned '0': PYTHONPATH=/home/cecilnik/lonewolf/install/atv_controller_pkg/lib/python3.8/site-packages:${PYTHONPATH} /usr/bin/python3 setup.py egg_info --egg-base ../../build/atv_controller_pkg build --build-base /home/cecilnik/lonewolf/build/atv_controller_pkg/build install --prefix /home/cecilnik/lonewolf/install/atv_controller_pkg --record /home/cecilnik/lonewolf/build/atv_controller_pkg/install.log --single-version-externally-managed
[1.789s] Level 1:colcon.colcon_core.environment:checking '/home/cecilnik/lonewolf/install/atv_controller_pkg' for CMake config files
[1.790s] Level 1:colcon.colcon_core.environment:checking '/home/cecilnik/lonewolf/install/atv_controller_pkg/lib'
[1.790s] Level 1:colcon.colcon_core.environment:checking '/home/cecilnik/lonewolf/install/atv_controller_pkg/bin'
[1.790s] Level 1:colcon.colcon_core.environment:checking '/home/cecilnik/lonewolf/install/atv_controller_pkg/lib/pkgconfig/atv_controller_pkg.pc'
[1.790s] Level 1:colcon.colcon_core.environment:checking '/home/cecilnik/lonewolf/install/atv_controller_pkg/lib/python3.8/site-packages'
[1.790s] Level 1:colcon.colcon_core.shell:create_environment_hook('atv_controller_pkg', 'pythonpath')
[1.791s] INFO:colcon.colcon_core.shell:Creating environment hook '/home/cecilnik/lonewolf/install/atv_controller_pkg/share/atv_controller_pkg/hook/pythonpath.ps1'
[1.791s] INFO:colcon.colcon_core.shell:Creating environment descriptor '/home/cecilnik/lonewolf/install/atv_controller_pkg/share/atv_controller_pkg/hook/pythonpath.dsv'
[1.792s] INFO:colcon.colcon_core.shell:Creating environment hook '/home/cecilnik/lonewolf/install/atv_controller_pkg/share/atv_controller_pkg/hook/pythonpath.sh'
[1.792s] Level 1:colcon.colcon_core.environment:create_environment_scripts_only(atv_controller_pkg)
[1.793s] INFO:colcon.colcon_core.shell:Creating package script '/home/cecilnik/lonewolf/install/atv_controller_pkg/share/atv_controller_pkg/package.ps1'
[1.794s] INFO:colcon.colcon_core.shell:Creating package descriptor '/home/cecilnik/lonewolf/install/atv_controller_pkg/share/atv_controller_pkg/package.dsv'
[1.794s] INFO:colcon.colcon_core.shell:Creating package script '/home/cecilnik/lonewolf/install/atv_controller_pkg/share/atv_controller_pkg/package.sh'
[1.795s] INFO:colcon.colcon_core.shell:Creating package script '/home/cecilnik/lonewolf/install/atv_controller_pkg/share/atv_controller_pkg/package.bash'
[1.795s] INFO:colcon.colcon_core.shell:Creating package script '/home/cecilnik/lonewolf/install/atv_controller_pkg/share/atv_controller_pkg/package.zsh'
[1.795s] Level 1:colcon.colcon_core.environment:create_file_with_runtime_dependencies(/home/cecilnik/lonewolf/install/atv_controller_pkg/share/colcon-core/packages/atv_controller_pkg)
[1.796s] DEBUG:colcon.colcon_parallel_executor.executor.parallel:closing loop
[1.796s] DEBUG:colcon.colcon_parallel_executor.executor.parallel:loop closed
[1.796s] DEBUG:colcon.colcon_parallel_executor.executor.parallel:run_until_complete finished with '0'
[1.797s] DEBUG:colcon.colcon_core.event_reactor:joining thread
[1.808s] INFO:colcon.colcon_core.plugin_system:Skipping extension 'colcon_notification.desktop_notification.terminal_notifier': Not used on non-Darwin systems
[1.808s] INFO:colcon.colcon_core.plugin_system:Skipping extension 'colcon_notification.desktop_notification.win32': Not used on non-Windows systems
[1.808s] INFO:colcon.colcon_notification.desktop_notification:Sending desktop notification using 'notify2'
[1.891s] DEBUG:colcon.colcon_core.event_reactor:joined thread
[1.892s] INFO:colcon.colcon_core.shell:Creating prefix script '/home/cecilnik/lonewolf/install/local_setup.ps1'
[1.895s] INFO:colcon.colcon_core.shell:Creating prefix util module '/home/cecilnik/lonewolf/install/_local_setup_util_ps1.py'
[1.899s] INFO:colcon.colcon_core.shell:Creating prefix chain script '/home/cecilnik/lonewolf/install/setup.ps1'
[1.903s] INFO:colcon.colcon_core.shell:Creating prefix script '/home/cecilnik/lonewolf/install/local_setup.sh'
[1.904s] INFO:colcon.colcon_core.shell:Creating prefix util module '/home/cecilnik/lonewolf/install/_local_setup_util_sh.py'
[1.905s] INFO:colcon.colcon_core.shell:Creating prefix chain script '/home/cecilnik/lonewolf/install/setup.sh'
[1.909s] INFO:colcon.colcon_core.shell:Creating prefix script '/home/cecilnik/lonewolf/install/local_setup.bash'
[1.910s] INFO:colcon.colcon_core.shell:Creating prefix chain script '/home/cecilnik/lonewolf/install/setup.bash'
[1.913s] INFO:colcon.colcon_core.shell:Creating prefix script '/home/cecilnik/lonewolf/install/local_setup.zsh'
[1.915s] INFO:colcon.colcon_core.shell:Creating prefix chain script '/home/cecilnik/lonewolf/install/setup.zsh'
