running egg_info
creating ../../build/atv_pkg/atv_pkg.egg-info
writing ../../build/atv_pkg/atv_pkg.egg-info/PKG-INFO
writing dependency_links to ../../build/atv_pkg/atv_pkg.egg-info/dependency_links.txt
writing entry points to ../../build/atv_pkg/atv_pkg.egg-info/entry_points.txt
writing requirements to ../../build/atv_pkg/atv_pkg.egg-info/requires.txt
writing top-level names to ../../build/atv_pkg/atv_pkg.egg-info/top_level.txt
writing manifest file '../../build/atv_pkg/atv_pkg.egg-info/SOURCES.txt'
reading manifest file '../../build/atv_pkg/atv_pkg.egg-info/SOURCES.txt'
writing manifest file '../../build/atv_pkg/atv_pkg.egg-info/SOURCES.txt'
running build
running build_py
creating /home/sigridmellemseter/lonewolf/build/atv_pkg/build
creating /home/sigridmellemseter/lonewolf/build/atv_pkg/build/lib
creating /home/sigridmellemseter/lonewolf/build/atv_pkg/build/lib/atv_pkg
copying atv_pkg/__init__.py -> /home/sigridmellemseter/lonewolf/build/atv_pkg/build/lib/atv_pkg
copying atv_pkg/atv_node.py -> /home/sigridmellemseter/lonewolf/build/atv_pkg/build/lib/atv_pkg
running install
running install_lib
creating /home/sigridmellemseter/lonewolf/install/atv_pkg/lib/python3.8/site-packages/atv_pkg
copying /home/sigridmellemseter/lonewolf/build/atv_pkg/build/lib/atv_pkg/__init__.py -> /home/sigridmellemseter/lonewolf/install/atv_pkg/lib/python3.8/site-packages/atv_pkg
copying /home/sigridmellemseter/lonewolf/build/atv_pkg/build/lib/atv_pkg/atv_node.py -> /home/sigridmellemseter/lonewolf/install/atv_pkg/lib/python3.8/site-packages/atv_pkg
byte-compiling /home/sigridmellemseter/lonewolf/install/atv_pkg/lib/python3.8/site-packages/atv_pkg/__init__.py to __init__.cpython-38.pyc
byte-compiling /home/sigridmellemseter/lonewolf/install/atv_pkg/lib/python3.8/site-packages/atv_pkg/atv_node.py to atv_node.cpython-38.pyc
running install_data
creating /home/sigridmellemseter/lonewolf/install/atv_pkg/share/ament_index
creating /home/sigridmellemseter/lonewolf/install/atv_pkg/share/ament_index/resource_index
creating /home/sigridmellemseter/lonewolf/install/atv_pkg/share/ament_index/resource_index/packages
copying resource/atv_pkg -> /home/sigridmellemseter/lonewolf/install/atv_pkg/share/ament_index/resource_index/packages
copying package.xml -> /home/sigridmellemseter/lonewolf/install/atv_pkg/share/atv_pkg
creating /home/sigridmellemseter/lonewolf/install/atv_pkg/share/atv_pkg/launch
copying launch/atv_world.launch.py -> /home/sigridmellemseter/lonewolf/install/atv_pkg/share/atv_pkg/launch
creating /home/sigridmellemseter/lonewolf/install/atv_pkg/share/atv_pkg/worlds
copying ./worlds/forest.world -> /home/sigridmellemseter/lonewolf/install/atv_pkg/share/atv_pkg/worlds/
creating /home/sigridmellemseter/lonewolf/install/atv_pkg/share/atv_pkg/models
creating /home/sigridmellemseter/lonewolf/install/atv_pkg/share/atv_pkg/models/forest_world
copying ./models/forest_world/model.sdf -> /home/sigridmellemseter/lonewolf/install/atv_pkg/share/atv_pkg/models/forest_world/
copying ./models/forest_world/model.config -> /home/sigridmellemseter/lonewolf/install/atv_pkg/share/atv_pkg/models/forest_world/
creating /home/sigridmellemseter/lonewolf/install/atv_pkg/share/atv_pkg/models/atvkda
copying ./models/atvkda/model.sdf -> /home/sigridmellemseter/lonewolf/install/atv_pkg/share/atv_pkg/models/atvkda/
