[0.592s] Invoking command in '/home/sigridmellemseter/lonewolf/src/atv_pkg': PYTHONPATH=/home/sigridmellemseter/lonewolf/install/atv_pkg/lib/python3.8/site-packages:${PYTHONPATH} /usr/bin/python3 setup.py egg_info --egg-base ../../build/atv_pkg build --build-base /home/sigridmellemseter/lonewolf/build/atv_pkg/build install --prefix /home/sigridmellemseter/lonewolf/install/atv_pkg --record /home/sigridmellemseter/lonewolf/build/atv_pkg/install.log --single-version-externally-managed
[0.790s] running egg_info
[0.790s] creating ../../build/atv_pkg/atv_pkg.egg-info
[0.791s] writing ../../build/atv_pkg/atv_pkg.egg-info/PKG-INFO
[0.791s] writing dependency_links to ../../build/atv_pkg/atv_pkg.egg-info/dependency_links.txt
[0.791s] writing entry points to ../../build/atv_pkg/atv_pkg.egg-info/entry_points.txt
[0.791s] writing requirements to ../../build/atv_pkg/atv_pkg.egg-info/requires.txt
[0.791s] writing top-level names to ../../build/atv_pkg/atv_pkg.egg-info/top_level.txt
[0.792s] writing manifest file '../../build/atv_pkg/atv_pkg.egg-info/SOURCES.txt'
[0.818s] reading manifest file '../../build/atv_pkg/atv_pkg.egg-info/SOURCES.txt'
[0.819s] writing manifest file '../../build/atv_pkg/atv_pkg.egg-info/SOURCES.txt'
[0.819s] running build
[0.819s] running build_py
[0.819s] creating /home/sigridmellemseter/lonewolf/build/atv_pkg/build
[0.819s] creating /home/sigridmellemseter/lonewolf/build/atv_pkg/build/lib
[0.820s] creating /home/sigridmellemseter/lonewolf/build/atv_pkg/build/lib/atv_pkg
[0.820s] copying atv_pkg/__init__.py -> /home/sigridmellemseter/lonewolf/build/atv_pkg/build/lib/atv_pkg
[0.820s] copying atv_pkg/atv_node.py -> /home/sigridmellemseter/lonewolf/build/atv_pkg/build/lib/atv_pkg
[0.820s] running install
[0.821s] running install_lib
[0.821s] creating /home/sigridmellemseter/lonewolf/install/atv_pkg/lib/python3.8/site-packages/atv_pkg
[0.821s] copying /home/sigridmellemseter/lonewolf/build/atv_pkg/build/lib/atv_pkg/__init__.py -> /home/sigridmellemseter/lonewolf/install/atv_pkg/lib/python3.8/site-packages/atv_pkg
[0.821s] copying /home/sigridmellemseter/lonewolf/build/atv_pkg/build/lib/atv_pkg/atv_node.py -> /home/sigridmellemseter/lonewolf/install/atv_pkg/lib/python3.8/site-packages/atv_pkg
[0.822s] byte-compiling /home/sigridmellemseter/lonewolf/install/atv_pkg/lib/python3.8/site-packages/atv_pkg/__init__.py to __init__.cpython-38.pyc
[0.823s] byte-compiling /home/sigridmellemseter/lonewolf/install/atv_pkg/lib/python3.8/site-packages/atv_pkg/atv_node.py to atv_node.cpython-38.pyc
[0.823s] running install_data
[0.823s] creating /home/sigridmellemseter/lonewolf/install/atv_pkg/share/ament_index
[0.824s] creating /home/sigridmellemseter/lonewolf/install/atv_pkg/share/ament_index/resource_index
[0.824s] creating /home/sigridmellemseter/lonewolf/install/atv_pkg/share/ament_index/resource_index/packages
[0.824s] copying resource/atv_pkg -> /home/sigridmellemseter/lonewolf/install/atv_pkg/share/ament_index/resource_index/packages
[0.824s] copying package.xml -> /home/sigridmellemseter/lonewolf/install/atv_pkg/share/atv_pkg
[0.824s] creating /home/sigridmellemseter/lonewolf/install/atv_pkg/share/atv_pkg/launch
[0.824s] copying launch/atv_world.launch.py -> /home/sigridmellemseter/lonewolf/install/atv_pkg/share/atv_pkg/launch
[0.824s] creating /home/sigridmellemseter/lonewolf/install/atv_pkg/share/atv_pkg/worlds
[0.824s] copying ./worlds/forest.world -> /home/sigridmellemseter/lonewolf/install/atv_pkg/share/atv_pkg/worlds/
[0.824s] creating /home/sigridmellemseter/lonewolf/install/atv_pkg/share/atv_pkg/models
[0.825s] creating /home/sigridmellemseter/lonewolf/install/atv_pkg/share/atv_pkg/models/forest_world
[0.825s] copying ./models/forest_world/model.sdf -> /home/sigridmellemseter/lonewolf/install/atv_pkg/share/atv_pkg/models/forest_world/
[0.825s] copying ./models/forest_world/model.config -> /home/sigridmellemseter/lonewolf/install/atv_pkg/share/atv_pkg/models/forest_world/
[0.825s] creating /home/sigridmellemseter/lonewolf/install/atv_pkg/share/atv_pkg/models/atvkda
[0.825s] copying ./models/atvkda/model.sdf -> /home/sigridmellemseter/lonewolf/install/atv_pkg/share/atv_pkg/models/atvkda/
[0.826s] error: can't copy './models/atvkda/meshes': doesn't exist or not a regular file
[0.851s] Invoked command in '/home/sigridmellemseter/lonewolf/src/atv_pkg' returned '1': PYTHONPATH=/home/sigridmellemseter/lonewolf/install/atv_pkg/lib/python3.8/site-packages:${PYTHONPATH} /usr/bin/python3 setup.py egg_info --egg-base ../../build/atv_pkg build --build-base /home/sigridmellemseter/lonewolf/build/atv_pkg/build install --prefix /home/sigridmellemseter/lonewolf/install/atv_pkg --record /home/sigridmellemseter/lonewolf/build/atv_pkg/install.log --single-version-externally-managed
