[1.019s] Invoking command in '/home/cecilnik/lonewolf/src/atv_pkg': PYTHONPATH=/home/cecilnik/lonewolf/install/atv_pkg/lib/python3.8/site-packages:${PYTHONPATH} /usr/bin/python3 setup.py egg_info --egg-base ../../build/atv_pkg build --build-base /home/cecilnik/lonewolf/build/atv_pkg/build install --prefix /home/cecilnik/lonewolf/install/atv_pkg --record /home/cecilnik/lonewolf/build/atv_pkg/install.log --single-version-externally-managed
[1.268s] running egg_info
[1.269s] writing ../../build/atv_pkg/atv_pkg.egg-info/PKG-INFO
[1.269s] writing dependency_links to ../../build/atv_pkg/atv_pkg.egg-info/dependency_links.txt
[1.270s] writing entry points to ../../build/atv_pkg/atv_pkg.egg-info/entry_points.txt
[1.270s] writing requirements to ../../build/atv_pkg/atv_pkg.egg-info/requires.txt
[1.270s] writing top-level names to ../../build/atv_pkg/atv_pkg.egg-info/top_level.txt
[1.311s] reading manifest file '../../build/atv_pkg/atv_pkg.egg-info/SOURCES.txt'
[1.312s] writing manifest file '../../build/atv_pkg/atv_pkg.egg-info/SOURCES.txt'
[1.312s] running build
[1.312s] running build_py
[1.312s] running install
[1.313s] running install_lib
[1.314s] creating /home/cecilnik/lonewolf/install/atv_pkg/lib/python3.8/site-packages/atv_pkg
[1.314s] copying /home/cecilnik/lonewolf/build/atv_pkg/build/lib/atv_pkg/atv_node.py -> /home/cecilnik/lonewolf/install/atv_pkg/lib/python3.8/site-packages/atv_pkg
[1.314s] copying /home/cecilnik/lonewolf/build/atv_pkg/build/lib/atv_pkg/__init__.py -> /home/cecilnik/lonewolf/install/atv_pkg/lib/python3.8/site-packages/atv_pkg
[1.315s] byte-compiling /home/cecilnik/lonewolf/install/atv_pkg/lib/python3.8/site-packages/atv_pkg/atv_node.py to atv_node.cpython-38.pyc
[1.317s] byte-compiling /home/cecilnik/lonewolf/install/atv_pkg/lib/python3.8/site-packages/atv_pkg/__init__.py to __init__.cpython-38.pyc
[1.317s] running install_data
[1.318s] creating /home/cecilnik/lonewolf/install/atv_pkg/share/ament_index
[1.319s] creating /home/cecilnik/lonewolf/install/atv_pkg/share/ament_index/resource_index
[1.319s] creating /home/cecilnik/lonewolf/install/atv_pkg/share/ament_index/resource_index/packages
[1.319s] copying resource/atv_pkg -> /home/cecilnik/lonewolf/install/atv_pkg/share/ament_index/resource_index/packages
[1.319s] copying package.xml -> /home/cecilnik/lonewolf/install/atv_pkg/share/atv_pkg
[1.319s] creating /home/cecilnik/lonewolf/install/atv_pkg/share/atv_pkg/launch
[1.319s] copying launch/atv_world.launch.py -> /home/cecilnik/lonewolf/install/atv_pkg/share/atv_pkg/launch
[1.319s] copying launch/atv_rviz.launch.py -> /home/cecilnik/lonewolf/install/atv_pkg/share/atv_pkg/launch
[1.320s] creating /home/cecilnik/lonewolf/install/atv_pkg/share/atv_pkg/worlds
[1.320s] copying ./worlds/forest.world -> /home/cecilnik/lonewolf/install/atv_pkg/share/atv_pkg/worlds/
[1.320s] creating /home/cecilnik/lonewolf/install/atv_pkg/share/atv_pkg/models
[1.320s] creating /home/cecilnik/lonewolf/install/atv_pkg/share/atv_pkg/models/forest_world
[1.320s] copying ./models/forest_world/model.config -> /home/cecilnik/lonewolf/install/atv_pkg/share/atv_pkg/models/forest_world/
[1.321s] copying ./models/forest_world/model.sdf -> /home/cecilnik/lonewolf/install/atv_pkg/share/atv_pkg/models/forest_world/
[1.322s] creating /home/cecilnik/lonewolf/install/atv_pkg/share/atv_pkg/models/atvkda
[1.322s] copying ./models/atvkda/model.config -> /home/cecilnik/lonewolf/install/atv_pkg/share/atv_pkg/models/atvkda/
[1.323s] copying ./models/atvkda/model.sdf -> /home/cecilnik/lonewolf/install/atv_pkg/share/atv_pkg/models/atvkda/
[1.323s] copying ./models/atvkda/logfile.txt -> /home/cecilnik/lonewolf/install/atv_pkg/share/atv_pkg/models/atvkda/
[1.323s] copying ./worlds/forest.world -> /home/cecilnik/lonewolf/install/atv_pkg/share/atv_pkg/models/
[1.324s] running install_egg_info
[1.326s] Copying ../../build/atv_pkg/atv_pkg.egg-info to /home/cecilnik/lonewolf/install/atv_pkg/lib/python3.8/site-packages/atv_pkg-0.0.0-py3.8.egg-info
[1.327s] running install_scripts
[1.348s] Installing atv_node script to /home/cecilnik/lonewolf/install/atv_pkg/lib/atv_pkg
[1.348s] writing list of installed files to '/home/cecilnik/lonewolf/build/atv_pkg/install.log'
[1.392s] Invoked command in '/home/cecilnik/lonewolf/src/atv_pkg' returned '0': PYTHONPATH=/home/cecilnik/lonewolf/install/atv_pkg/lib/python3.8/site-packages:${PYTHONPATH} /usr/bin/python3 setup.py egg_info --egg-base ../../build/atv_pkg build --build-base /home/cecilnik/lonewolf/build/atv_pkg/build install --prefix /home/cecilnik/lonewolf/install/atv_pkg --record /home/cecilnik/lonewolf/build/atv_pkg/install.log --single-version-externally-managed
