/home/cecilnik/lonewolf/install/atv_pkg/lib/python3.8/site-packages/atv_pkg/atv_node.py
/home/cecilnik/lonewolf/install/atv_pkg/lib/python3.8/site-packages/atv_pkg/__init__.py
/home/cecilnik/lonewolf/install/atv_pkg/lib/python3.8/site-packages/atv_pkg/__pycache__/atv_node.cpython-38.pyc
/home/cecilnik/lonewolf/install/atv_pkg/lib/python3.8/site-packages/atv_pkg/__pycache__/__init__.cpython-38.pyc
/home/cecilnik/lonewolf/install/atv_pkg/share/ament_index/resource_index/packages/atv_pkg
/home/cecilnik/lonewolf/install/atv_pkg/share/atv_pkg/package.xml
/home/cecilnik/lonewolf/install/atv_pkg/share/atv_pkg/launch/atv_world.launch.py
/home/cecilnik/lonewolf/install/atv_pkg/share/atv_pkg/launch/atv_rviz.launch.py
/home/cecilnik/lonewolf/install/atv_pkg/share/atv_pkg/worlds/forest.world
/home/cecilnik/lonewolf/install/atv_pkg/share/atv_pkg/models/forest_world/model.config
/home/cecilnik/lonewolf/install/atv_pkg/share/atv_pkg/models/forest_world/model.sdf
/home/cecilnik/lonewolf/install/atv_pkg/share/atv_pkg/models/atvkda/model.config
/home/cecilnik/lonewolf/install/atv_pkg/share/atv_pkg/models/atvkda/model.sdf
/home/cecilnik/lonewolf/install/atv_pkg/share/atv_pkg/models/atvkda/logfile.txt
/home/cecilnik/lonewolf/install/atv_pkg/share/atv_pkg/models/forest.world
/home/cecilnik/lonewolf/install/atv_pkg/lib/python3.8/site-packages/atv_pkg-0.0.0-py3.8.egg-info/PKG-INFO
/home/cecilnik/lonewolf/install/atv_pkg/lib/python3.8/site-packages/atv_pkg-0.0.0-py3.8.egg-info/entry_points.txt
/home/cecilnik/lonewolf/install/atv_pkg/lib/python3.8/site-packages/atv_pkg-0.0.0-py3.8.egg-info/top_level.txt
/home/cecilnik/lonewolf/install/atv_pkg/lib/python3.8/site-packages/atv_pkg-0.0.0-py3.8.egg-info/zip-safe
/home/cecilnik/lonewolf/install/atv_pkg/lib/python3.8/site-packages/atv_pkg-0.0.0-py3.8.egg-info/requires.txt
/home/cecilnik/lonewolf/install/atv_pkg/lib/python3.8/site-packages/atv_pkg-0.0.0-py3.8.egg-info/dependency_links.txt
/home/cecilnik/lonewolf/install/atv_pkg/lib/python3.8/site-packages/atv_pkg-0.0.0-py3.8.egg-info/SOURCES.txt
/home/cecilnik/lonewolf/install/atv_pkg/lib/atv_pkg/atv_node
