[1.051s] Invoking command in '/home/cecilnik/lonewolf/src/atv_pkg': PYTHONPATH=/home/cecilnik/lonewolf/install/atv_pkg/lib/python3.8/site-packages:${PYTHONPATH} /usr/bin/python3 setup.py egg_info --egg-base ../../build/atv_pkg build --build-base /home/cecilnik/lonewolf/build/atv_pkg/build install --prefix /home/cecilnik/lonewolf/install/atv_pkg --record /home/cecilnik/lonewolf/build/atv_pkg/install.log --single-version-externally-managed
[1.298s] running egg_info
[1.298s] writing ../../build/atv_pkg/atv_pkg.egg-info/PKG-INFO
[1.299s] writing dependency_links to ../../build/atv_pkg/atv_pkg.egg-info/dependency_links.txt
[1.299s] writing entry points to ../../build/atv_pkg/atv_pkg.egg-info/entry_points.txt
[1.299s] writing requirements to ../../build/atv_pkg/atv_pkg.egg-info/requires.txt
[1.299s] writing top-level names to ../../build/atv_pkg/atv_pkg.egg-info/top_level.txt
[1.337s] reading manifest file '../../build/atv_pkg/atv_pkg.egg-info/SOURCES.txt'
[1.338s] writing manifest file '../../build/atv_pkg/atv_pkg.egg-info/SOURCES.txt'
[1.338s] running build
[1.338s] running build_py
[1.338s] running install
[1.339s] running install_lib
[1.341s] running install_data
[1.341s] running install_egg_info
[1.343s] removing '/home/cecilnik/lonewolf/install/atv_pkg/lib/python3.8/site-packages/atv_pkg-0.0.0-py3.8.egg-info' (and everything under it)
[1.343s] Copying ../../build/atv_pkg/atv_pkg.egg-info to /home/cecilnik/lonewolf/install/atv_pkg/lib/python3.8/site-packages/atv_pkg-0.0.0-py3.8.egg-info
[1.344s] running install_scripts
[1.363s] Installing atv_node script to /home/cecilnik/lonewolf/install/atv_pkg/lib/atv_pkg
[1.364s] writing list of installed files to '/home/cecilnik/lonewolf/build/atv_pkg/install.log'
[1.396s] Invoked command in '/home/cecilnik/lonewolf/src/atv_pkg' returned '0': PYTHONPATH=/home/cecilnik/lonewolf/install/atv_pkg/lib/python3.8/site-packages:${PYTHONPATH} /usr/bin/python3 setup.py egg_info --egg-base ../../build/atv_pkg build --build-base /home/cecilnik/lonewolf/build/atv_pkg/build install --prefix /home/cecilnik/lonewolf/install/atv_pkg --record /home/cecilnik/lonewolf/build/atv_pkg/install.log --single-version-externally-managed
