[0.969s] Invoking command in '/home/cecilnik/lonewolf/src/atv_pkg': PYTHONPATH=/home/cecilnik/lonewolf/install/atv_pkg/lib/python3.8/site-packages:${PYTHONPATH} /usr/bin/python3 setup.py egg_info --egg-base ../../build/atv_pkg build --build-base /home/cecilnik/lonewolf/build/atv_pkg/build install --prefix /home/cecilnik/lonewolf/install/atv_pkg --record /home/cecilnik/lonewolf/build/atv_pkg/install.log --single-version-externally-managed
[1.210s] running egg_info
[1.211s] writing ../../build/atv_pkg/atv_pkg.egg-info/PKG-INFO
[1.211s] writing dependency_links to ../../build/atv_pkg/atv_pkg.egg-info/dependency_links.txt
[1.211s] writing entry points to ../../build/atv_pkg/atv_pkg.egg-info/entry_points.txt
[1.212s] writing requirements to ../../build/atv_pkg/atv_pkg.egg-info/requires.txt
[1.212s] writing top-level names to ../../build/atv_pkg/atv_pkg.egg-info/top_level.txt
[1.249s] reading manifest file '../../build/atv_pkg/atv_pkg.egg-info/SOURCES.txt'
[1.249s] writing manifest file '../../build/atv_pkg/atv_pkg.egg-info/SOURCES.txt'
[1.250s] running build
[1.250s] running build_py
[1.250s] running install
[1.251s] running install_lib
[1.252s] creating /home/cecilnik/lonewolf/install/atv_pkg/lib/python3.8/site-packages/atv_pkg
[1.252s] copying /home/cecilnik/lonewolf/build/atv_pkg/build/lib/atv_pkg/atv_node.py -> /home/cecilnik/lonewolf/install/atv_pkg/lib/python3.8/site-packages/atv_pkg
[1.252s] copying /home/cecilnik/lonewolf/build/atv_pkg/build/lib/atv_pkg/__init__.py -> /home/cecilnik/lonewolf/install/atv_pkg/lib/python3.8/site-packages/atv_pkg
[1.252s] byte-compiling /home/cecilnik/lonewolf/install/atv_pkg/lib/python3.8/site-packages/atv_pkg/atv_node.py to atv_node.cpython-38.pyc
[1.254s] byte-compiling /home/cecilnik/lonewolf/install/atv_pkg/lib/python3.8/site-packages/atv_pkg/__init__.py to __init__.cpython-38.pyc
[1.254s] running install_data
[1.254s] creating /home/cecilnik/lonewolf/install/atv_pkg/share/ament_index
[1.254s] creating /home/cecilnik/lonewolf/install/atv_pkg/share/ament_index/resource_index
[1.255s] creating /home/cecilnik/lonewolf/install/atv_pkg/share/ament_index/resource_index/packages
[1.255s] copying resource/atv_pkg -> /home/cecilnik/lonewolf/install/atv_pkg/share/ament_index/resource_index/packages
[1.255s] copying package.xml -> /home/cecilnik/lonewolf/install/atv_pkg/share/atv_pkg
[1.255s] creating /home/cecilnik/lonewolf/install/atv_pkg/share/atv_pkg/launch
[1.255s] copying launch/atv_world.launch.py -> /home/cecilnik/lonewolf/install/atv_pkg/share/atv_pkg/launch
[1.255s] copying launch/atv_rviz.launch.py -> /home/cecilnik/lonewolf/install/atv_pkg/share/atv_pkg/launch
[1.255s] creating /home/cecilnik/lonewolf/install/atv_pkg/share/atv_pkg/worlds
[1.256s] copying ./worlds/forest.world -> /home/cecilnik/lonewolf/install/atv_pkg/share/atv_pkg/worlds/
[1.256s] creating /home/cecilnik/lonewolf/install/atv_pkg/share/atv_pkg/models
[1.256s] creating /home/cecilnik/lonewolf/install/atv_pkg/share/atv_pkg/models/forest_world
[1.256s] copying ./models/forest_world/model.config -> /home/cecilnik/lonewolf/install/atv_pkg/share/atv_pkg/models/forest_world/
[1.256s] copying ./models/forest_world/model.sdf -> /home/cecilnik/lonewolf/install/atv_pkg/share/atv_pkg/models/forest_world/
[1.257s] creating /home/cecilnik/lonewolf/install/atv_pkg/share/atv_pkg/models/atvkda
[1.257s] copying ./models/atvkda/model.config -> /home/cecilnik/lonewolf/install/atv_pkg/share/atv_pkg/models/atvkda/
[1.257s] copying ./models/atvkda/model.sdf -> /home/cecilnik/lonewolf/install/atv_pkg/share/atv_pkg/models/atvkda/
[1.257s] copying ./models/atvkda/logfile.txt -> /home/cecilnik/lonewolf/install/atv_pkg/share/atv_pkg/models/atvkda/
[1.257s] copying ./worlds/forest.world -> /home/cecilnik/lonewolf/install/atv_pkg/share/atv_pkg/models/
[1.258s] running install_egg_info
[1.260s] Copying ../../build/atv_pkg/atv_pkg.egg-info to /home/cecilnik/lonewolf/install/atv_pkg/lib/python3.8/site-packages/atv_pkg-0.0.0-py3.8.egg-info
[1.261s] running install_scripts
[1.279s] Installing atv_node script to /home/cecilnik/lonewolf/install/atv_pkg/lib/atv_pkg
[1.280s] writing list of installed files to '/home/cecilnik/lonewolf/build/atv_pkg/install.log'
[1.310s] Invoked command in '/home/cecilnik/lonewolf/src/atv_pkg' returned '0': PYTHONPATH=/home/cecilnik/lonewolf/install/atv_pkg/lib/python3.8/site-packages:${PYTHONPATH} /usr/bin/python3 setup.py egg_info --egg-base ../../build/atv_pkg build --build-base /home/cecilnik/lonewolf/build/atv_pkg/build install --prefix /home/cecilnik/lonewolf/install/atv_pkg --record /home/cecilnik/lonewolf/build/atv_pkg/install.log --single-version-externally-managed
