running egg_info
writing ../../build/atv_pkg/atv_pkg.egg-info/PKG-INFO
writing dependency_links to ../../build/atv_pkg/atv_pkg.egg-info/dependency_links.txt
writing entry points to ../../build/atv_pkg/atv_pkg.egg-info/entry_points.txt
writing requirements to ../../build/atv_pkg/atv_pkg.egg-info/requires.txt
writing top-level names to ../../build/atv_pkg/atv_pkg.egg-info/top_level.txt
reading manifest file '../../build/atv_pkg/atv_pkg.egg-info/SOURCES.txt'
writing manifest file '../../build/atv_pkg/atv_pkg.egg-info/SOURCES.txt'
running build
running build_py
running install
running install_lib
creating /home/cecilnik/lonewolf/install/atv_pkg/lib/python3.8/site-packages/atv_pkg
copying /home/cecilnik/lonewolf/build/atv_pkg/build/lib/atv_pkg/atv_node.py -> /home/cecilnik/lonewolf/install/atv_pkg/lib/python3.8/site-packages/atv_pkg
copying /home/cecilnik/lonewolf/build/atv_pkg/build/lib/atv_pkg/__init__.py -> /home/cecilnik/lonewolf/install/atv_pkg/lib/python3.8/site-packages/atv_pkg
byte-compiling /home/cecilnik/lonewolf/install/atv_pkg/lib/python3.8/site-packages/atv_pkg/atv_node.py to atv_node.cpython-38.pyc
byte-compiling /home/cecilnik/lonewolf/install/atv_pkg/lib/python3.8/site-packages/atv_pkg/__init__.py to __init__.cpython-38.pyc
running install_data
creating /home/cecilnik/lonewolf/install/atv_pkg/share/ament_index
creating /home/cecilnik/lonewolf/install/atv_pkg/share/ament_index/resource_index
creating /home/cecilnik/lonewolf/install/atv_pkg/share/ament_index/resource_index/packages
copying resource/atv_pkg -> /home/cecilnik/lonewolf/install/atv_pkg/share/ament_index/resource_index/packages
copying package.xml -> /home/cecilnik/lonewolf/install/atv_pkg/share/atv_pkg
creating /home/cecilnik/lonewolf/install/atv_pkg/share/atv_pkg/launch
copying launch/atv_world.launch.py -> /home/cecilnik/lonewolf/install/atv_pkg/share/atv_pkg/launch
copying launch/atv_rviz.launch.py -> /home/cecilnik/lonewolf/install/atv_pkg/share/atv_pkg/launch
creating /home/cecilnik/lonewolf/install/atv_pkg/share/atv_pkg/worlds
copying ./worlds/forest.world -> /home/cecilnik/lonewolf/install/atv_pkg/share/atv_pkg/worlds/
creating /home/cecilnik/lonewolf/install/atv_pkg/share/atv_pkg/models
creating /home/cecilnik/lonewolf/install/atv_pkg/share/atv_pkg/models/forest_world
copying ./models/forest_world/model.config -> /home/cecilnik/lonewolf/install/atv_pkg/share/atv_pkg/models/forest_world/
copying ./models/forest_world/model.sdf -> /home/cecilnik/lonewolf/install/atv_pkg/share/atv_pkg/models/forest_world/
creating /home/cecilnik/lonewolf/install/atv_pkg/share/atv_pkg/models/atvkda
copying ./models/atvkda/model.config -> /home/cecilnik/lonewolf/install/atv_pkg/share/atv_pkg/models/atvkda/
copying ./models/atvkda/model.sdf -> /home/cecilnik/lonewolf/install/atv_pkg/share/atv_pkg/models/atvkda/
copying ./models/atvkda/logfile.txt -> /home/cecilnik/lonewolf/install/atv_pkg/share/atv_pkg/models/atvkda/
copying ./worlds/forest.world -> /home/cecilnik/lonewolf/install/atv_pkg/share/atv_pkg/models/
running install_egg_info
Copying ../../build/atv_pkg/atv_pkg.egg-info to /home/cecilnik/lonewolf/install/atv_pkg/lib/python3.8/site-packages/atv_pkg-0.0.0-py3.8.egg-info
running install_scripts
Installing atv_node script to /home/cecilnik/lonewolf/install/atv_pkg/lib/atv_pkg
writing list of installed files to '/home/cecilnik/lonewolf/build/atv_pkg/install.log'
