[0.997s] Invoking command in '/home/cecilnik/lonewolf/src/atv_controller_pkg': PYTHONPATH=/home/cecilnik/lonewolf/install/atv_controller_pkg/lib/python3.8/site-packages:${PYTHONPATH} /usr/bin/python3 setup.py egg_info --egg-base ../../build/atv_controller_pkg build --build-base /home/cecilnik/lonewolf/build/atv_controller_pkg/build install --prefix /home/cecilnik/lonewolf/install/atv_controller_pkg --record /home/cecilnik/lonewolf/build/atv_controller_pkg/install.log --single-version-externally-managed
[1.241s] running egg_info
[1.242s] writing ../../build/atv_controller_pkg/atv_controller_pkg.egg-info/PKG-INFO
[1.242s] writing dependency_links to ../../build/atv_controller_pkg/atv_controller_pkg.egg-info/dependency_links.txt
[1.242s] writing entry points to ../../build/atv_controller_pkg/atv_controller_pkg.egg-info/entry_points.txt
[1.242s] writing requirements to ../../build/atv_controller_pkg/atv_controller_pkg.egg-info/requires.txt
[1.242s] writing top-level names to ../../build/atv_controller_pkg/atv_controller_pkg.egg-info/top_level.txt
[1.279s] reading manifest file '../../build/atv_controller_pkg/atv_controller_pkg.egg-info/SOURCES.txt'
[1.280s] writing manifest file '../../build/atv_controller_pkg/atv_controller_pkg.egg-info/SOURCES.txt'
[1.280s] running build
[1.280s] running build_py
[1.280s] running install
[1.281s] running install_lib
[1.283s] running install_data
[1.283s] running install_egg_info
[1.285s] removing '/home/cecilnik/lonewolf/install/atv_controller_pkg/lib/python3.8/site-packages/atv_controller_pkg-0.0.0-py3.8.egg-info' (and everything under it)
[1.285s] Copying ../../build/atv_controller_pkg/atv_controller_pkg.egg-info to /home/cecilnik/lonewolf/install/atv_controller_pkg/lib/python3.8/site-packages/atv_controller_pkg-0.0.0-py3.8.egg-info
[1.286s] running install_scripts
[1.305s] Installing atv_controller script to /home/cecilnik/lonewolf/install/atv_controller_pkg/lib/atv_controller_pkg
[1.305s] Installing atv_estimator script to /home/cecilnik/lonewolf/install/atv_controller_pkg/lib/atv_controller_pkg
[1.305s] writing list of installed files to '/home/cecilnik/lonewolf/build/atv_controller_pkg/install.log'
[1.336s] Invoked command in '/home/cecilnik/lonewolf/src/atv_controller_pkg' returned '0': PYTHONPATH=/home/cecilnik/lonewolf/install/atv_controller_pkg/lib/python3.8/site-packages:${PYTHONPATH} /usr/bin/python3 setup.py egg_info --egg-base ../../build/atv_controller_pkg build --build-base /home/cecilnik/lonewolf/build/atv_controller_pkg/build install --prefix /home/cecilnik/lonewolf/install/atv_controller_pkg --record /home/cecilnik/lonewolf/build/atv_controller_pkg/install.log --single-version-externally-managed
