running egg_info
writing ../../build/atv_pkg/atv_pkg.egg-info/PKG-INFO
writing dependency_links to ../../build/atv_pkg/atv_pkg.egg-info/dependency_links.txt
writing entry points to ../../build/atv_pkg/atv_pkg.egg-info/entry_points.txt
writing requirements to ../../build/atv_pkg/atv_pkg.egg-info/requires.txt
writing top-level names to ../../build/atv_pkg/atv_pkg.egg-info/top_level.txt
reading manifest file '../../build/atv_pkg/atv_pkg.egg-info/SOURCES.txt'
writing manifest file '../../build/atv_pkg/atv_pkg.egg-info/SOURCES.txt'
running build
running build_py
running install
running install_lib
running install_data
copying ./models/atvkda/logfile.txt -> /home/sigridmellemseter/lonewolf/install/atv_pkg/share/atv_pkg/models/atvkda/
copying ./models/atvkda/model.config -> /home/sigridmellemseter/lonewolf/install/atv_pkg/share/atv_pkg/models/atvkda/
copying ./worlds/forest.world -> /home/sigridmellemseter/lonewolf/install/atv_pkg/share/atv_pkg/models/
running install_egg_info
Copying ../../build/atv_pkg/atv_pkg.egg-info to /home/sigridmellemseter/lonewolf/install/atv_pkg/lib/python3.8/site-packages/atv_pkg-0.0.0-py3.8.egg-info
running install_scripts
Installing atv_node script to /home/sigridmellemseter/lonewolf/install/atv_pkg/lib/atv_pkg
writing list of installed files to '/home/sigridmellemseter/lonewolf/build/atv_pkg/install.log'
