[0.584s] Invoking command in '/home/sigridmellemseter/lonewolf/src/atv_pkg': PYTHONPATH=/home/sigridmellemseter/lonewolf/install/atv_pkg/lib/python3.8/site-packages:${PYTHONPATH} /usr/bin/python3 setup.py egg_info --egg-base ../../build/atv_pkg build --build-base /home/sigridmellemseter/lonewolf/build/atv_pkg/build install --prefix /home/sigridmellemseter/lonewolf/install/atv_pkg --record /home/sigridmellemseter/lonewolf/build/atv_pkg/install.log --single-version-externally-managed
[0.765s] running egg_info
[0.765s] writing ../../build/atv_pkg/atv_pkg.egg-info/PKG-INFO
[0.766s] writing dependency_links to ../../build/atv_pkg/atv_pkg.egg-info/dependency_links.txt
[0.766s] writing entry points to ../../build/atv_pkg/atv_pkg.egg-info/entry_points.txt
[0.766s] writing requirements to ../../build/atv_pkg/atv_pkg.egg-info/requires.txt
[0.766s] writing top-level names to ../../build/atv_pkg/atv_pkg.egg-info/top_level.txt
[0.794s] reading manifest file '../../build/atv_pkg/atv_pkg.egg-info/SOURCES.txt'
[0.795s] writing manifest file '../../build/atv_pkg/atv_pkg.egg-info/SOURCES.txt'
[0.795s] running build
[0.795s] running build_py
[0.795s] running install
[0.796s] running install_lib
[0.798s] running install_data
[0.799s] copying ./models/atvkda/logfile.txt -> /home/sigridmellemseter/lonewolf/install/atv_pkg/share/atv_pkg/models/atvkda/
[0.799s] copying ./models/atvkda/model.config -> /home/sigridmellemseter/lonewolf/install/atv_pkg/share/atv_pkg/models/atvkda/
[0.799s] copying ./worlds/forest.world -> /home/sigridmellemseter/lonewolf/install/atv_pkg/share/atv_pkg/models/
[0.800s] running install_egg_info
[0.801s] Copying ../../build/atv_pkg/atv_pkg.egg-info to /home/sigridmellemseter/lonewolf/install/atv_pkg/lib/python3.8/site-packages/atv_pkg-0.0.0-py3.8.egg-info
[0.802s] running install_scripts
[0.816s] Installing atv_node script to /home/sigridmellemseter/lonewolf/install/atv_pkg/lib/atv_pkg
[0.817s] writing list of installed files to '/home/sigridmellemseter/lonewolf/build/atv_pkg/install.log'
[0.845s] Invoked command in '/home/sigridmellemseter/lonewolf/src/atv_pkg' returned '0': PYTHONPATH=/home/sigridmellemseter/lonewolf/install/atv_pkg/lib/python3.8/site-packages:${PYTHONPATH} /usr/bin/python3 setup.py egg_info --egg-base ../../build/atv_pkg build --build-base /home/sigridmellemseter/lonewolf/build/atv_pkg/build install --prefix /home/sigridmellemseter/lonewolf/install/atv_pkg --record /home/sigridmellemseter/lonewolf/build/atv_pkg/install.log --single-version-externally-managed
